Change Component DesignItemId : Designator=H7 Old DesignItemId=JB_53398-02 New DesignItemId=JA_MOLEX_KK_2POS
Change Component DesignItemId : Designator=H8 Old DesignItemId=JB_53398-02 New DesignItemId=JA_MOLEX_KK_2POS
Change Component DesignItemId : Designator=H9 Old DesignItemId=JB_53398-02 New DesignItemId=JA_MOLEX_KK_2POS
Change Component DesignItemId : Designator=H10 Old DesignItemId=JB_53398-02 New DesignItemId=JA_MOLEX_KK_2POS
Change Component DesignItemId : Designator=H11 Old DesignItemId=JB_53398-03 New DesignItemId=JA_MOLEX_KK_3POS
Change Component DesignItemId : Designator=H2 Old DesignItemId=JB_53398-04 New DesignItemId=JA_MOLEX_KK_4POS
Change Component DesignItemId : Designator=H3 Old DesignItemId=JB_53398-05 New DesignItemId=JA_MOLEX_KK_5POS
Change Component DesignItemId : Designator=H4 Old DesignItemId=JB_53398-06 New DesignItemId=JA_MOLEX_KK_6POS
Change Component Description : Designator=H7 Old Description=Header_Vert_2Pos_1.25mm_125V@1A_SMT New Description=CONN HEADER 2POS 2.54mm VERT_Thru Hole
Change Component Description : Designator=H8 Old Description=Header_Vert_2Pos_1.25mm_125V@1A_SMT New Description=CONN HEADER 2POS 2.54mm VERT_Thru Hole
Change Component Description : Designator=H9 Old Description=Header_Vert_2Pos_1.25mm_125V@1A_SMT New Description=CONN HEADER 2POS 2.54mm VERT_Thru Hole
Change Component Description : Designator=H10 Old Description=Header_Vert_2Pos_1.25mm_125V@1A_SMT New Description=CONN HEADER 2POS 2.54mm VERT_Thru Hole
Change Component Description : Designator=H11 Old Description=Header_Vert_3Pos_1.25mm_125V@1A_SMT New Description=CONN HEADER 3POS 2.54mm VERT_Thru Hole
Change Component Description : Designator=H2 Old Description=Header_Vert_4Pos_1.25mm_125V@1A_SMT New Description=CONN HEADER 4POS 2.54mm VERT_Thru Hole
Change Component Description : Designator=H3 Old Description=Header_Vert_5Pos_1.25mm_125V@1A_SMT New Description=CONN HEADER 5POS 2.54mm VERT_Thru Hole
Change Component Description : Designator=H4 Old Description=Header_Vert_6Pos_1.25mm_125V@1A_SMT New Description=CONN HEADER 6POS 2.54mm VERT_Thru Hole
Change component parameters: Designator = "H3"; Footprint = "SD-53398-0519"; UniqueID = "\DGOFZRUT"
Change component parameters. Clean all parameters for all variants
Change component parameters (AddParameter): Name = "Manufacturer"; Value = "Molex"; VariantName = "[No Variations]"
Change component parameters (AddParameter): Name = "Manufacturer PN"; Value = "22-23-2051"; VariantName = "[No Variations]"
Change component parameters (AddParameter): Name = "Price"; Value = ""; VariantName = "[No Variations]"
Change component parameters (AddParameter): Name = "Storage Location"; Value = "ECE Dept Store"; VariantName = "[No Variations]"
Change component parameters (AddParameter): Name = "Supplier"; Value = "ECE Dept"; VariantName = "[No Variations]"
Change component parameters (AddParameter): Name = "Supplier 1"; Value = "Farnell"; VariantName = "[No Variations]"
Change component parameters (AddParameter): Name = "Supplier Part Number 1"; Value = "9731679"; VariantName = "[No Variations]"
Change component parameters (AddParameter): Name = "Value"; Value = "5 Pin Molex KK Hdr"; VariantName = "[No Variations]"
Change component parameters (AddParameter): Name = "Verify"; Value = ""; VariantName = "[No Variations]"
Change component parameters: Designator = "H4"; Footprint = "SD-53398-0619"; UniqueID = "\NSOIEEAD"
Change component parameters. Clean all parameters for all variants
Change component parameters (AddParameter): Name = "Manufacturer"; Value = ""; VariantName = "[No Variations]"
Change component parameters (AddParameter): Name = "Manufacturer PN"; Value = ""; VariantName = "[No Variations]"
Change component parameters (AddParameter): Name = "Publisher"; Value = ""; VariantName = "[No Variations]"
Change component parameters (AddParameter): Name = "Storage Location"; Value = "ECE Dept Store"; VariantName = "[No Variations]"
Change component parameters (AddParameter): Name = "Supplier"; Value = "ECE Dept"; VariantName = "[No Variations]"
Change component parameters (AddParameter): Name = "Supplier 1"; Value = "Farnell"; VariantName = "[No Variations]"
Change component parameters (AddParameter): Name = "Supplier 2"; Value = ""; VariantName = "[No Variations]"
Change component parameters (AddParameter): Name = "Supplier Part Number 1"; Value = "1462922"; VariantName = "[No Variations]"
Change component parameters (AddParameter): Name = "Supplier Part Number 2"; Value = ""; VariantName = "[No Variations]"
Change component parameters (AddParameter): Name = "Value"; Value = "6 Pin Molex KK Hdr"; VariantName = "[No Variations]"
Change component parameters: Designator = "H7"; Footprint = "SD-53398-0219"; UniqueID = "\PSHPALLD"
Change component parameters. Clean all parameters for all variants
Change component parameters (AddParameter): Name = "Manufacturer"; Value = ""; VariantName = "[No Variations]"
Change component parameters (AddParameter): Name = "Manufacturer PN"; Value = ""; VariantName = "[No Variations]"
Change component parameters (AddParameter): Name = "Storage Location"; Value = "ECE Dept Store"; VariantName = "[No Variations]"
Change component parameters (AddParameter): Name = "Supplier"; Value = "ECE Dept"; VariantName = "[No Variations]"
Change component parameters (AddParameter): Name = "Supplier 1"; Value = "Farnell"; VariantName = "[No Variations]"
Change component parameters (AddParameter): Name = "Supplier 2"; Value = ""; VariantName = "[No Variations]"
Change component parameters (AddParameter): Name = "Supplier Part Number 1"; Value = "1462926"; VariantName = "[No Variations]"
Change component parameters (AddParameter): Name = "Supplier Part Number 2"; Value = ""; VariantName = "[No Variations]"
Change component parameters (AddParameter): Name = "Value"; Value = "2 Pin Molex KK HDR"; VariantName = "[No Variations]"
Change component parameters: Designator = "H8"; Footprint = "SD-53398-0219"; UniqueID = "\VZAJPVMM"
Change component parameters. Clean all parameters for all variants
Change component parameters (AddParameter): Name = "Manufacturer"; Value = ""; VariantName = "[No Variations]"
Change component parameters (AddParameter): Name = "Manufacturer PN"; Value = ""; VariantName = "[No Variations]"
Change component parameters (AddParameter): Name = "Storage Location"; Value = "ECE Dept Store"; VariantName = "[No Variations]"
Change component parameters (AddParameter): Name = "Supplier"; Value = "ECE Dept"; VariantName = "[No Variations]"
Change component parameters (AddParameter): Name = "Supplier 1"; Value = "Farnell"; VariantName = "[No Variations]"
Change component parameters (AddParameter): Name = "Supplier 2"; Value = ""; VariantName = "[No Variations]"
Change component parameters (AddParameter): Name = "Supplier Part Number 1"; Value = "1462926"; VariantName = "[No Variations]"
Change component parameters (AddParameter): Name = "Supplier Part Number 2"; Value = ""; VariantName = "[No Variations]"
Change component parameters (AddParameter): Name = "Value"; Value = "2 Pin Molex KK HDR"; VariantName = "[No Variations]"
Change component parameters: Designator = "H9"; Footprint = "SD-53398-0219"; UniqueID = "\UOGJXRFW"
Change component parameters. Clean all parameters for all variants
Change component parameters (AddParameter): Name = "Manufacturer"; Value = ""; VariantName = "[No Variations]"
Change component parameters (AddParameter): Name = "Manufacturer PN"; Value = ""; VariantName = "[No Variations]"
Change component parameters (AddParameter): Name = "Storage Location"; Value = "ECE Dept Store"; VariantName = "[No Variations]"
Change component parameters (AddParameter): Name = "Supplier"; Value = "ECE Dept"; VariantName = "[No Variations]"
Change component parameters (AddParameter): Name = "Supplier 1"; Value = "Farnell"; VariantName = "[No Variations]"
Change component parameters (AddParameter): Name = "Supplier 2"; Value = ""; VariantName = "[No Variations]"
Change component parameters (AddParameter): Name = "Supplier Part Number 1"; Value = "1462926"; VariantName = "[No Variations]"
Change component parameters (AddParameter): Name = "Supplier Part Number 2"; Value = ""; VariantName = "[No Variations]"
Change component parameters (AddParameter): Name = "Value"; Value = "2 Pin Molex KK HDR"; VariantName = "[No Variations]"
Change component parameters: Designator = "H10"; Footprint = "SD-53398-0219"; UniqueID = "\ULDWEGSG"
Change component parameters. Clean all parameters for all variants
Change component parameters (AddParameter): Name = "Manufacturer"; Value = ""; VariantName = "[No Variations]"
Change component parameters (AddParameter): Name = "Manufacturer PN"; Value = ""; VariantName = "[No Variations]"
Change component parameters (AddParameter): Name = "Storage Location"; Value = "ECE Dept Store"; VariantName = "[No Variations]"
Change component parameters (AddParameter): Name = "Supplier"; Value = "ECE Dept"; VariantName = "[No Variations]"
Change component parameters (AddParameter): Name = "Supplier 1"; Value = "Farnell"; VariantName = "[No Variations]"
Change component parameters (AddParameter): Name = "Supplier 2"; Value = ""; VariantName = "[No Variations]"
Change component parameters (AddParameter): Name = "Supplier Part Number 1"; Value = "1462926"; VariantName = "[No Variations]"
Change component parameters (AddParameter): Name = "Supplier Part Number 2"; Value = ""; VariantName = "[No Variations]"
Change component parameters (AddParameter): Name = "Value"; Value = "2 Pin Molex KK HDR"; VariantName = "[No Variations]"
Change component parameters: Designator = "H2"; Footprint = "SD-53398-0419"; UniqueID = "\VZZKCGAH"
Change component parameters. Clean all parameters for all variants
Change component parameters (AddParameter): Name = "Manufacturer"; Value = "Molex"; VariantName = "[No Variations]"
Change component parameters (AddParameter): Name = "Manufacturer PN"; Value = "22-23-2041"; VariantName = "[No Variations]"
Change component parameters (AddParameter): Name = "Price"; Value = ""; VariantName = "[No Variations]"
Change component parameters (AddParameter): Name = "Storage Location"; Value = "ECE Dept Store"; VariantName = "[No Variations]"
Change component parameters (AddParameter): Name = "Supplier"; Value = "ECE Dept"; VariantName = "[No Variations]"
Change component parameters (AddParameter): Name = "Supplier 1"; Value = "Farnell"; VariantName = "[No Variations]"
Change component parameters (AddParameter): Name = "Supplier 2"; Value = ""; VariantName = "[No Variations]"
Change component parameters (AddParameter): Name = "Supplier Part Number 1"; Value = "9731164"; VariantName = "[No Variations]"
Change component parameters (AddParameter): Name = "Supplier Part Number 2"; Value = ""; VariantName = "[No Variations]"
Change component parameters (AddParameter): Name = "Value"; Value = "4 Pin Molex KK Hdr"; VariantName = "[No Variations]"
Change component parameters (AddParameter): Name = "Verify"; Value = ""; VariantName = "[No Variations]"
Change component parameters: Designator = "H11"; Footprint = "SD-53398-0319"; UniqueID = "\LLHISPWX"
Change component parameters. Clean all parameters for all variants
Change component parameters (AddParameter): Name = "Manufacturer"; Value = "Molex"; VariantName = "[No Variations]"
Change component parameters (AddParameter): Name = "Manufacturer PN"; Value = "22-23-2031"; VariantName = "[No Variations]"
Change component parameters (AddParameter): Name = "Price"; Value = ""; VariantName = "[No Variations]"
Change component parameters (AddParameter): Name = "Storage Location"; Value = "ECE Dept Store"; VariantName = "[No Variations]"
Change component parameters (AddParameter): Name = "Supplier"; Value = "ECE Dept"; VariantName = "[No Variations]"
Change component parameters (AddParameter): Name = "Supplier 1"; Value = "Farnell"; VariantName = "[No Variations]"
Change component parameters (AddParameter): Name = "Supplier Part Number 1"; Value = "9731156"; VariantName = "[No Variations]"
Change component parameters (AddParameter): Name = "Supplier Part Number 2"; Value = ""; VariantName = "[No Variations]"
Change component parameters (AddParameter): Name = "Value"; Value = "3 Pin Molex KK Hdr"; VariantName = "[No Variations]"
Change component parameters (AddParameter): Name = "Verify"; Value = ""; VariantName = "[No Variations]"
Added Pin To Net: NetName=NetC24_2 Pin=C24-2
Added Pin To Net: NetName=NetC24_2 Pin=U5-10
Added Net: Name=NetC24_2
