Removed Pin From Net: NetName=NetC5_2 Pin=Y1-2
Change Component DesignItemId : Designator=Y1 Old DesignItemId=XT_CRYSTAL_12MHz New DesignItemId=XT_CRYSTAL_12MHz_18pF
Change Component Footprint: Designator=Y1 Old Footprint=HC49/4h_SMX New Footprint=6.0X3.5-4
Change Component Description : Designator=Y1 Old Description=12.00 MHZ 18PF HC49/4H SMD New Description=CRYSTAL 12MHZ 18PF 6X3.5mm SMD
Change component parameters: Designator = "Y1"; Footprint = "6.0X3.5-4"; UniqueID = "\KHCNXNZF"
Change component parameters. Clean all parameters for all variants
Change component parameters (AddParameter): Name = "ESR (Equivalent Series Resistance)"; Value = "60 Ohm"; VariantName = "[No Variations]"
Change component parameters (AddParameter): Name = "Frequency"; Value = "12MHz"; VariantName = "[No Variations]"
Change component parameters (AddParameter): Name = "Frequency Stability"; Value = "±50ppm"; VariantName = "[No Variations]"
Change component parameters (AddParameter): Name = "Frequency Tolerance"; Value = "±30ppm"; VariantName = "[No Variations]"
Change component parameters (AddParameter): Name = "Height"; Value = "0.047" (1.20mm)"; VariantName = "[No Variations]"
Change component parameters (AddParameter): Name = "Load Capacitance"; Value = "18pF"; VariantName = "[No Variations]"
Change component parameters (AddParameter): Name = "Manufacturer"; Value = "CTS-Frequency Controls"; VariantName = "[No Variations]"
Change component parameters (AddParameter): Name = "Manufacturer Part Number"; Value = "406C35D12M00000"; VariantName = "[No Variations]"
Change component parameters (AddParameter): Name = "Mounting Type"; Value = "Surface Mount"; VariantName = "[No Variations]"
Change component parameters (AddParameter): Name = "Operating Mode"; Value = "Fundamental"; VariantName = "[No Variations]"
Change component parameters (AddParameter): Name = "Operating Temperature"; Value = "-20°C ~ 70°C"; VariantName = "[No Variations]"
Change component parameters (AddParameter): Name = "Package / Case"; Value = "4-SMD, No Lead (DFN, LCC)"; VariantName = "[No Variations]"
Change component parameters (AddParameter): Name = "Size / Dimension"; Value = "0.236" L x 0.138" W (6.00mm x 3.50mm)"; VariantName = "[No Variations]"
Change component parameters (AddParameter): Name = "Supplier 1"; Value = "Digi-Key"; VariantName = "[No Variations]"
Change component parameters (AddParameter): Name = "Supplier Part Number 1"; Value = "CTX855CT-ND"; VariantName = "[No Variations]"
Added Pin To Net: NetName=NetC5_2 Pin=Y1-3
Change Net Name : Old Net Name=NetR14_1 New Net Name=Channel0
Change Net Name : Old Net Name=NetR15_1 New Net Name=Channel1
Change Net Name : Old Net Name=NetR17_1 New Net Name=Channel2
Change Net Name : Old Net Name=NetR18_1 New Net Name=Channel3
