Change Component Designator: Old Designator=C1 New Designator=C9
Change Component Designator: Old Designator=C2 New Designator=C10
Change Component Designator: Old Designator=C3 New Designator=C11
Change Component Designator: Old Designator=C9 New Designator=C23
Change Component Designator: Old Designator=C10 New Designator=C12
Change Component Designator: Old Designator=C11 New Designator=C13
Change Component Designator: Old Designator=C12 New Designator=C28
Change Component Designator: Old Designator=C13 New Designator=C15
Change Component Designator: Old Designator=C14 New Designator=C16
Change Component Designator: Old Designator=C15 New Designator=C29
Change Component Designator: Old Designator=C16 New Designator=C25
Change Component Designator: Old Designator=C19 New Designator=C21
Change Component Designator: Old Designator=C20 New Designator=C22
Change Component Designator: Old Designator=C21 New Designator=C24
Change Component Designator: Old Designator=C22 New Designator=C26
Change Component Designator: Old Designator=C23 New Designator=C27
Change Component Designator: Old Designator=C24 New Designator=C1
Change Component Designator: Old Designator=C25 New Designator=C2
Change Component Designator: Old Designator=C26 New Designator=C3
Change Component Designator: Old Designator=C27 New Designator=C14
Change Component Designator: Old Designator=C28 New Designator=C19
Change Component Designator: Old Designator=C29 New Designator=C20
Change Component Designator: Old Designator=DL1 New Designator=DL2
Change Component Designator: Old Designator=DL2 New Designator=DL3
Change Component Designator: Old Designator=DL3 New Designator=DL1
Change Component Designator: Old Designator=H1 New Designator=H3
Change Component Designator: Old Designator=H2 New Designator=H9
Change Component Designator: Old Designator=H3 New Designator=H2
Change Component Designator: Old Designator=H4 New Designator=H5
Change Component Designator: Old Designator=H5 New Designator=H6
Change Component Designator: Old Designator=H6 New Designator=H4
Change Component Designator: Old Designator=H? New Designator=H1
Change Component Designator: Old Designator=L1 New Designator=L2
Change Component Designator: Old Designator=L2 New Designator=L3
Change Component Designator: Old Designator=L3 New Designator=L1
Change Component Designator: Old Designator=R1 New Designator=R11
Change Component Designator: Old Designator=R2 New Designator=R14
Change Component Designator: Old Designator=R3 New Designator=R13
Change Component Designator: Old Designator=R4 New Designator=R15
Change Component Designator: Old Designator=R5 New Designator=R4
Change Component Designator: Old Designator=R6 New Designator=R5
Change Component Designator: Old Designator=R7 New Designator=R12
Change Component Designator: Old Designator=R8 New Designator=R6
Change Component Designator: Old Designator=R10 New Designator=R1
Change Component Designator: Old Designator=R11 New Designator=R2
Change Component Designator: Old Designator=R12 New Designator=R10
Change Component Designator: Old Designator=R13 New Designator=R3
Change Component Designator: Old Designator=R14 New Designator=R7
Change Component Designator: Old Designator=R15 New Designator=R8
Change Component Designator: Old Designator=TP1 New Designator=TP6
Change Component Designator: Old Designator=TP2 New Designator=TP7
Change Component Designator: Old Designator=TP3 New Designator=TP15
Change Component Designator: Old Designator=TP4 New Designator=TP18
Change Component Designator: Old Designator=TP5 New Designator=TP13
Change Component Designator: Old Designator=TP7 New Designator=TP4
Change Component Designator: Old Designator=TP8 New Designator=TP5
Change Component Designator: Old Designator=TP9 New Designator=TP10
Change Component Designator: Old Designator=TP10 New Designator=TP11
Change Component Designator: Old Designator=TP11 New Designator=TP16
Change Component Designator: Old Designator=TP12 New Designator=TP17
Change Component Designator: Old Designator=TP13 New Designator=TP9
Change Component Designator: Old Designator=TP14 New Designator=TP19
Change Component Designator: Old Designator=TP15 New Designator=TP20
Change Component Designator: Old Designator=TP16 New Designator=TP1
Change Component Designator: Old Designator=TP17 New Designator=TP2
Change Component Designator: Old Designator=TP18 New Designator=TP3
Change Component Designator: Old Designator=TP19 New Designator=TP8
Change Component Designator: Old Designator=TP20 New Designator=TP12
Change Component Designator: Old Designator=TP? New Designator=TP14
Change Component Designator: Old Designator=U1 New Designator=U4
Change Component Designator: Old Designator=U2 New Designator=U1
Change Component Designator: Old Designator=U2 New Designator=U1
Change Component Designator: Old Designator=U4 New Designator=U6
Change Component Designator: Old Designator=U5 New Designator=U7
Change Component Designator: Old Designator=U6 New Designator=U2
Change Component Designator: Old Designator=U7 New Designator=U5
