Change Component Designator: Old Designator=C20 New Designator=C23
Change Component Designator: Old Designator=C21 New Designator=C24
Change Component Designator: Old Designator=C22 New Designator=C25
Change Component Designator: Old Designator=C23 New Designator=C20
Change Component Designator: Old Designator=C24 New Designator=C21
Change Component Designator: Old Designator=C25 New Designator=C22
Change Component Designator: Old Designator=DL? New Designator=DL3
Change Component Designator: Old Designator=H4 New Designator=H5
Change Component Designator: Old Designator=H5 New Designator=H6
Change Component Designator: Old Designator=H6 New Designator=H7
Change Component Designator: Old Designator=H7 New Designator=H8
Change Component Designator: Old Designator=H8 New Designator=H4
Change Component Designator: Old Designator=R7 New Designator=R8
Change Component Designator: Old Designator=R8 New Designator=R9
Change Component Designator: Old Designator=R9 New Designator=R13
Change Component Designator: Old Designator=R10 New Designator=R14
Change Component Designator: Old Designator=R11 New Designator=R10
Change Component Designator: Old Designator=R? New Designator=R2
Change Component Designator: Old Designator=R? New Designator=R4
Change Component Designator: Old Designator=R?? New Designator=R7
Change Component Designator: Old Designator=R?? New Designator=R11
Change Component Designator: Old Designator=R?? New Designator=R12
Change Component Designator: Old Designator=U5 New Designator=U6
Change Component Designator: Old Designator=U6 New Designator=U5
